<?xml version="1.0" encoding="UTF-8"?>
<testsuite xmlns:xsi="http://www.w3.org/2001/XMLSchema-instance" xsi:noNamespaceSchemaLocation="https://maven.apache.org/surefire/maven-surefire-plugin/xsd/surefire-test-report-3.0.xsd" version="3.0" name="cucumber.Options.TestRunner" time="8.392" tests="3" errors="0" skipped="0" failures="0">
  <properties>
[...]
</properties>
  <testcase name="Verify if place is successfuly added using add place api #1" classname="Vaidating Place api functionalities" time="3.411">
    <system-out><![CDATA[OK
APP
]]></system-out>
    <system-err><![CDATA[SLF4J(W): No SLF4J providers were found.
SLF4J(W): Defaulting to no-operation (NOP) logger implementation
SLF4J(W): See https://www.slf4j.org/codes.html#noProviders for further details.
]]></system-err>
  </testcase>
  <testcase name="Verify if place is successfuly added using add place api #2" classname="Vaidating Place api functionalities" time="2.377">
    <system-out><![CDATA[OK
APP
]]></system-out>
  </testcase>
  <testcase name="Delete place created using delete call" classname="Vaidating Place api functionalities" time="2.0">
    <system-out><![CDATA[OK
]]></system-out>
  </testcase>
</testsuite>